14:08:03.129 [main] INFO  com.intuit.karate.Runner - using system property 'karate.env': qa
14:08:04.417 [main] DEBUG com.intuit.karate.Suite - [config] classpath:karate-config.js
14:08:06.478 [pool-1-thread-2] INFO  com.intuit.karate - >> lock acquired, begin callSingle: classpath:examples/users/config/qa.js
14:08:06.607 [pool-1-thread-2] INFO  com.intuit.karate - << lock released, cached callSingle: classpath:examples/users/config/qa.js
14:08:06.618 [pool-1-thread-1] WARN  com.intuit.karate - this thread waited 140 milliseconds for callSingle lock: classpath:examples/users/config/qa.js
14:08:08.048 [pool-1-thread-1] DEBUG com.intuit.karate - request:
1 > GET https://jsonplaceholder.typicode.com/users
1 > Host: jsonplaceholder.typicode.com
1 > Connection: Keep-Alive
1 > User-Agent: Apache-HttpClient/4.5.13 (Java/17.0.2)
1 > Accept-Encoding: gzip,deflate


14:08:08.049 [pool-1-thread-2] DEBUG com.intuit.karate - request:
1 > POST https://jsonplaceholder.typicode.com/users
1 > Content-Type: application/json; charset=UTF-8
1 > Content-Length: 160
1 > Host: jsonplaceholder.typicode.com
1 > Connection: Keep-Alive
1 > User-Agent: Apache-HttpClient/4.5.13 (Java/17.0.2)
1 > Accept-Encoding: gzip,deflate
{
  "name": "Test User",
  "username": "testuser",
  "email": "test@user.com",
  "address": {
    "street": "Has No Name",
    "suite": "Apt. 123",
    "city": "Electri",
    "zipcode": "54321-6789"
  }
}


14:08:09.496 [pool-1-thread-1] DEBUG com.intuit.karate - response time in milliseconds: 1439
1 < 200
1 < Date: Fri, 04 Feb 2022 01:08:09 GMT
1 < Content-Type: application/json; charset=utf-8
1 < Transfer-Encoding: chunked
1 < Connection: keep-alive
1 < x-powered-by: Express
1 < x-ratelimit-limit: 1000
1 < x-ratelimit-remaining: 999
1 < x-ratelimit-reset: 1643083811
1 < vary: Origin, Accept-Encoding
1 < access-control-allow-credentials: true
1 < cache-control: max-age=43200
1 < pragma: no-cache
1 < expires: -1
1 < x-content-type-options: nosniff
1 < etag: W/"160d-1eMSsxeJRfnVLRBmYJSbCiJZ1qQ"
1 < via: 1.1 vegur
1 < CF-Cache-Status: HIT
1 < Age: 12466
1 < Expect-CT: max-age=604800, report-uri="https://report-uri.cloudflare.com/cdn-cgi/beacon/expect-ct"
1 < Report-To: {"endpoints":[{"url":"https:\/\/a.nel.cloudflare.com\/report\/v3?s=ZtJZE0DWJ%2F1WqnP1drbFEQ%2B3NJVurK63vuWmJUssQdSk5bX3rP0wLPIReerSBZMGLtE6BYo552UpTJsEGkO%2BxT4WzD81vILeEnDBedv7EDa8VyFwohEdPj95KxvZNmKWPWd3M663hmS8cXn%2BViQw"}],"group":"cf-nel","max_age":604800}
1 < NEL: {"success_fraction":0,"report_to":"cf-nel","max_age":604800}
1 < Server: cloudflare
1 < CF-RAY: 6d8001991b43a41b-AKL
1 < alt-svc: h3=":443"; ma=86400, h3-29=":443"; ma=86400
[
  {
    "id": 1,
    "name": "Leanne Graham",
    "username": "Bret",
    "email": "Sincere@april.biz",
    "address": {
      "street": "Kulas Light",
      "suite": "Apt. 556",
      "city": "Gwenborough",
      "zipcode": "92998-3874",
      "geo": {
        "lat": "-37.3159",
        "lng": "81.1496"
      }
    },
    "phone": "1-770-736-8031 x56442",
    "website": "hildegard.org",
    "company": {
      "name": "Romaguera-Crona",
      "catchPhrase": "Multi-layered client-server neural-net",
      "bs": "harness real-time e-markets"
    }
  },
  {
    "id": 2,
    "name": "Ervin Howell",
    "username": "Antonette",
    "email": "Shanna@melissa.tv",
    "address": {
      "street": "Victor Plains",
      "suite": "Suite 879",
      "city": "Wisokyburgh",
      "zipcode": "90566-7771",
      "geo": {
        "lat": "-43.9509",
        "lng": "-34.4618"
      }
    },
    "phone": "010-692-6593 x09125",
    "website": "anastasia.net",
    "company": {
      "name": "Deckow-Crist",
      "catchPhrase": "Proactive didactic contingency",
      "bs": "synergize scalable supply-chains"
    }
  },
  {
    "id": 3,
    "name": "Clementine Bauch",
    "username": "Samantha",
    "email": "Nathan@yesenia.net",
    "address": {
      "street": "Douglas Extension",
      "suite": "Suite 847",
      "city": "McKenziehaven",
      "zipcode": "59590-4157",
      "geo": {
        "lat": "-68.6102",
        "lng": "-47.0653"
      }
    },
    "phone": "1-463-123-4447",
    "website": "ramiro.info",
    "company": {
      "name": "Romaguera-Jacobson",
      "catchPhrase": "Face to face bifurcated interface",
      "bs": "e-enable strategic applications"
    }
  },
  {
    "id": 4,
    "name": "Patricia Lebsack",
    "username": "Karianne",
    "email": "Julianne.OConner@kory.org",
    "address": {
      "street": "Hoeger Mall",
      "suite": "Apt. 692",
      "city": "South Elvis",
      "zipcode": "53919-4257",
      "geo": {
        "lat": "29.4572",
        "lng": "-164.2990"
      }
    },
    "phone": "493-170-9623 x156",
    "website": "kale.biz",
    "company": {
      "name": "Robel-Corkery",
      "catchPhrase": "Multi-tiered zero tolerance productivity",
      "bs": "transition cutting-edge web services"
    }
  },
  {
    "id": 5,
    "name": "Chelsey Dietrich",
    "username": "Kamren",
    "email": "Lucio_Hettinger@annie.ca",
    "address": {
      "street": "Skiles Walks",
      "suite": "Suite 351",
      "city": "Roscoeview",
      "zipcode": "33263",
      "geo": {
        "lat": "-31.8129",
        "lng": "62.5342"
      }
    },
    "phone": "(254)954-1289",
    "website": "demarco.info",
    "company": {
      "name": "Keebler LLC",
      "catchPhrase": "User-centric fault-tolerant solution",
      "bs": "revolutionize end-to-end systems"
    }
  },
  {
    "id": 6,
    "name": "Mrs. Dennis Schulist",
    "username": "Leopoldo_Corkery",
    "email": "Karley_Dach@jasper.info",
    "address": {
      "street": "Norberto Crossing",
      "suite": "Apt. 950",
      "city": "South Christy",
      "zipcode": "23505-1337",
      "geo": {
        "lat": "-71.4197",
        "lng": "71.7478"
      }
    },
    "phone": "1-477-935-8478 x6430",
    "website": "ola.org",
    "company": {
      "name": "Considine-Lockman",
      "catchPhrase": "Synchronised bottom-line interface",
      "bs": "e-enable innovative applications"
    }
  },
  {
    "id": 7,
    "name": "Kurtis Weissnat",
    "username": "Elwyn.Skiles",
    "email": "Telly.Hoeger@billy.biz",
    "address": {
      "street": "Rex Trail",
      "suite": "Suite 280",
      "city": "Howemouth",
      "zipcode": "58804-1099",
      "geo": {
        "lat": "24.8918",
        "lng": "21.8984"
      }
    },
    "phone": "210.067.6132",
    "website": "elvis.io",
    "company": {
      "name": "Johns Group",
      "catchPhrase": "Configurable multimedia task-force",
      "bs": "generate enterprise e-tailers"
    }
  },
  {
    "id": 8,
    "name": "Nicholas Runolfsdottir V",
    "username": "Maxime_Nienow",
    "email": "Sherwood@rosamond.me",
    "address": {
      "street": "Ellsworth Summit",
      "suite": "Suite 729",
      "city": "Aliyaview",
      "zipcode": "45169",
      "geo": {
        "lat": "-14.3990",
        "lng": "-120.7677"
      }
    },
    "phone": "586.493.6943 x140",
    "website": "jacynthe.com",
    "company": {
      "name": "Abernathy Group",
      "catchPhrase": "Implemented secondary concept",
      "bs": "e-enable extensible e-tailers"
    }
  },
  {
    "id": 9,
    "name": "Glenna Reichert",
    "username": "Delphine",
    "email": "Chaim_McDermott@dana.io",
    "address": {
      "street": "Dayna Park",
      "suite": "Suite 449",
      "city": "Bartholomebury",
      "zipcode": "76495-3109",
      "geo": {
        "lat": "24.6463",
        "lng": "-168.8889"
      }
    },
    "phone": "(775)976-6794 x41206",
    "website": "conrad.com",
    "company": {
      "name": "Yost and Sons",
      "catchPhrase": "Switchable contextually-based project",
      "bs": "aggregate real-time technologies"
    }
  },
  {
    "id": 10,
    "name": "Clementina DuBuque",
    "username": "Moriah.Stanton",
    "email": "Rey.Padberg@karina.biz",
    "address": {
      "street": "Kattie Turnpike",
      "suite": "Suite 198",
      "city": "Lebsackbury",
      "zipcode": "31428-2261",
      "geo": {
        "lat": "-38.2386",
        "lng": "57.2232"
      }
    },
    "phone": "024-648-3804",
    "website": "ambrose.net",
    "company": {
      "name": "Hoeger LLC",
      "catchPhrase": "Centralized empowering task-force",
      "bs": "target end-to-end models"
    }
  }
]

14:08:09.554 [pool-1-thread-1] DEBUG com.intuit.karate - request:
2 > GET https://jsonplaceholder.typicode.com/users/1
2 > Host: jsonplaceholder.typicode.com
2 > Connection: Keep-Alive
2 > User-Agent: Apache-HttpClient/4.5.13 (Java/17.0.2)
2 > Accept-Encoding: gzip,deflate


14:08:09.738 [pool-1-thread-1] DEBUG com.intuit.karate - response time in milliseconds: 182
2 < 200
2 < Date: Fri, 04 Feb 2022 01:08:10 GMT
2 < Content-Type: application/json; charset=utf-8
2 < Transfer-Encoding: chunked
2 < Connection: keep-alive
2 < x-powered-by: Express
2 < x-ratelimit-limit: 1000
2 < x-ratelimit-remaining: 999
2 < x-ratelimit-reset: 1631605283
2 < vary: Origin, Accept-Encoding
2 < access-control-allow-credentials: true
2 < cache-control: max-age=43200
2 < pragma: no-cache
2 < expires: -1
2 < x-content-type-options: nosniff
2 < etag: W/"1fd-+2Y3G3w049iSZtw5t1mzSnunngE"
2 < via: 1.1 vegur
2 < CF-Cache-Status: HIT
2 < Age: 9025
2 < Expect-CT: max-age=604800, report-uri="https://report-uri.cloudflare.com/cdn-cgi/beacon/expect-ct"
2 < Report-To: {"endpoints":[{"url":"https:\/\/a.nel.cloudflare.com\/report\/v3?s=PLngkc%2FYaS5AVdZxjU%2FWl%2FF%2BNFr2ihIfxYdMBXPjYTWbp50vPz%2FYPX0TKQhiuRB2Jm7WTfhFuEFF4FjL3kQH%2BAKeYrcDKLF9DGl%2FtzoZ0a4mLYIQaB2nWfYLWYmZNzvpleZg2rwbHv6piTA3%2FDgP"}],"group":"cf-nel","max_age":604800}
2 < NEL: {"success_fraction":0,"report_to":"cf-nel","max_age":604800}
2 < Server: cloudflare
2 < CF-RAY: 6d80019ae87316d1-SYD
2 < alt-svc: h3=":443"; ma=86400, h3-29=":443"; ma=86400
{
  "id": 1,
  "name": "Leanne Graham",
  "username": "Bret",
  "email": "Sincere@april.biz",
  "address": {
    "street": "Kulas Light",
    "suite": "Apt. 556",
    "city": "Gwenborough",
    "zipcode": "92998-3874",
    "geo": {
      "lat": "-37.3159",
      "lng": "81.1496"
    }
  },
  "phone": "1-770-736-8031 x56442",
  "website": "hildegard.org",
  "company": {
    "name": "Romaguera-Crona",
    "catchPhrase": "Multi-layered client-server neural-net",
    "bs": "harness real-time e-markets"
  }
}

14:08:09.923 [pool-1-thread-2] DEBUG com.intuit.karate - response time in milliseconds: 1871
1 < 201
1 < Date: Fri, 04 Feb 2022 01:08:10 GMT
1 < Content-Type: application/json; charset=utf-8
1 < Content-Length: 216
1 < Connection: keep-alive
1 < x-powered-by: Express
1 < x-ratelimit-limit: 1000
1 < x-ratelimit-remaining: 999
1 < x-ratelimit-reset: 1643936905
1 < vary: Origin, X-HTTP-Method-Override, Accept-Encoding
1 < access-control-allow-credentials: true
1 < cache-control: no-cache
1 < pragma: no-cache
1 < expires: -1
1 < access-control-expose-headers: Location
1 < location: http://jsonplaceholder.typicode.com/users/11
1 < x-content-type-options: nosniff
1 < etag: W/"d8-pYV7+YuMGP2hxHPU9ARrf97ifDA"
1 < via: 1.1 vegur
1 < CF-Cache-Status: DYNAMIC
1 < Expect-CT: max-age=604800, report-uri="https://report-uri.cloudflare.com/cdn-cgi/beacon/expect-ct"
1 < Report-To: {"endpoints":[{"url":"https:\/\/a.nel.cloudflare.com\/report\/v3?s=U7i5xLI5uWbfjGWUrcYpZ7B1lrNvwuvqrJBibgSli6n2FNcNuEzFBjLFsBePnmZEpv4TN5voh2yhqXgZTd%2BX9Yt6s9iFsgyHPlap9SYOwJOBdbMOhskP64sJb84ufUXC%2BlQv5nRpLt0XMTTlr3j9"}],"group":"cf-nel","max_age":604800}
1 < NEL: {"success_fraction":0,"report_to":"cf-nel","max_age":604800}
1 < Server: cloudflare
1 < CF-RAY: 6d8001991839a421-AKL
1 < alt-svc: h3=":443"; ma=86400, h3-29=":443"; ma=86400
{
  "name": "Test User",
  "username": "testuser",
  "email": "test@user.com",
  "address": {
    "street": "Has No Name",
    "suite": "Apt. 123",
    "city": "Electri",
    "zipcode": "54321-6789"
  },
  "id": 11
}

14:08:09.945 [pool-1-thread-2] INFO  com.intuit.karate - [print] created id is:  11 
14:08:11.272 [pool-2-thread-1] INFO  com.intuit.karate.Suite - <<pass>> feature 1 of 1 (0 remaining) classpath:examples/users/features/users.feature
